
LED_BLINK.elf:     file format elf32-littleriscv
LED_BLINK.elf
architecture: riscv:rv32, flags 0x00000112:
EXEC_P, HAS_SYMS, D_PAGED
start address 0x00000000

Program Header:
    LOAD off    0x00001000 vaddr 0x00000000 paddr 0x00000000 align 2**12
         filesz 0x00000508 memsz 0x00000508 flags r-x
    LOAD off    0x00002000 vaddr 0x20000000 paddr 0x00000508 align 2**12
         filesz 0x00000018 memsz 0x00000020 flags rw-
    LOAD off    0x00002700 vaddr 0x20000700 paddr 0x20000700 align 2**12
         filesz 0x00000000 memsz 0x00000100 flags rw-

Sections:
Idx Name          Size      VMA       LMA       File off  Algn
  0 .init         000000a0  00000000  00000000  00001000  2**2
                  CONTENTS, ALLOC, LOAD, READONLY, CODE
  1 .text         00000468  000000a0  000000a0  000010a0  2**2
                  CONTENTS, ALLOC, LOAD, READONLY, CODE
  2 .fini         00000000  00000508  00000508  00002018  2**0
                  CONTENTS, ALLOC, LOAD, CODE
  3 .dalign       00000000  20000000  20000000  00002018  2**0
                  CONTENTS
  4 .dlalign      00000000  00000508  00000508  00002018  2**0
                  CONTENTS
  5 .data         00000018  20000000  00000508  00002000  2**2
                  CONTENTS, ALLOC, LOAD, DATA
  6 .bss          00000008  20000018  00000520  00002018  2**2
                  ALLOC
  7 .stack        00000100  20000700  20000700  00002700  2**0
                  ALLOC
  8 .debug_info   00005feb  00000000  00000000  00002018  2**0
                  CONTENTS, READONLY, DEBUGGING
  9 .debug_abbrev 000013bf  00000000  00000000  00008003  2**0
                  CONTENTS, READONLY, DEBUGGING
 10 .debug_aranges 00000298  00000000  00000000  000093c8  2**3
                  CONTENTS, READONLY, DEBUGGING
 11 .debug_ranges 00000288  00000000  00000000  00009660  2**3
                  CONTENTS, READONLY, DEBUGGING
 12 .debug_line   00003156  00000000  00000000  000098e8  2**0
                  CONTENTS, READONLY, DEBUGGING
 13 .debug_str    000011e6  00000000  00000000  0000ca3e  2**0
                  CONTENTS, READONLY, DEBUGGING
 14 .comment      00000033  00000000  00000000  0000dc24  2**0
                  CONTENTS, READONLY
 15 .debug_frame  00000514  00000000  00000000  0000dc58  2**2
                  CONTENTS, READONLY, DEBUGGING
 16 .debug_loc    00000de3  00000000  00000000  0000e16c  2**0
                  CONTENTS, READONLY, DEBUGGING
SYMBOL TABLE:
00000000 l    d  .init	00000000 .init
000000a0 l    d  .text	00000000 .text
00000508 l    d  .fini	00000000 .fini
20000000 l    d  .dalign	00000000 .dalign
00000508 l    d  .dlalign	00000000 .dlalign
20000000 l    d  .data	00000000 .data
20000018 l    d  .bss	00000000 .bss
20000700 l    d  .stack	00000000 .stack
00000000 l    d  .debug_info	00000000 .debug_info
00000000 l    d  .debug_abbrev	00000000 .debug_abbrev
00000000 l    d  .debug_aranges	00000000 .debug_aranges
00000000 l    d  .debug_ranges	00000000 .debug_ranges
00000000 l    d  .debug_line	00000000 .debug_line
00000000 l    d  .debug_str	00000000 .debug_str
00000000 l    d  .comment	00000000 .comment
00000000 l    d  .debug_frame	00000000 .debug_frame
00000000 l    d  .debug_loc	00000000 .debug_loc
00000000 l    df *ABS*	00000000 ch32v00x_it.c
00000000 l    df *ABS*	00000000 main.c
00000000 l    df *ABS*	00000000 system_ch32v00x.c
00000000 l    df *ABS*	00000000 ch32v00x_gpio.c
00000000 l    df *ABS*	00000000 ch32v00x_misc.c
00000000 l    df *ABS*	00000000 ch32v00x_rcc.c
00000000 l    df *ABS*	00000000 debug.c
2000001c l     O .bss	00000002 p_ms
2000001e l     O .bss	00000001 p_us
20000818 g       .data	00000000 __global_pointer$
00000350  w      .text	00000000 TIM1_CC_IRQHandler
0000014c g     F .text	00000002 HardFault_Handler
00000350  w      .text	00000000 SysTick_Handler
00000350  w      .text	00000000 PVD_IRQHandler
0000014a g     F .text	00000002 NMI_Handler
20000018 g       .bss	00000000 _sbss
00000100 g       *ABS*	00000000 __stack_size
000000aa g     F .text	0000000a .hidden __riscv_restore_2
20000010 g     O .data	00000004 SystemCoreClock
000000d4 g     F .text	0000002c .hidden __udivsi3
000000a0 g       .init	00000000 _einit
00000478 g     F .text	0000001e RCC_APB2PeriphClockCmd
000003d6 g     F .text	0000007c GPIO_Init
20000018 g     O .bss	00000004 NVIC_Priority_Group
00000350  w      .text	00000000 SPI1_IRQHandler
000000a0 g     F .text	0000000a .hidden __riscv_save_1
000000aa g     F .text	0000000a .hidden __riscv_restore_0
00000350  w      .text	00000000 AWU_IRQHandler
00000350  w      .text	00000000 EXTI7_0_IRQHandler
20000700 g       .stack	00000000 _heap_end
00000350  w      .text	00000000 DMA1_Channel4_IRQHandler
00000350  w      .text	00000000 ADC1_IRQHandler
20000020 g       .bss	00000000 _ebss
00000350  w      .text	00000000 DMA1_Channel7_IRQHandler
00000496 g     F .text	00000038 Delay_Init
00000452 g     F .text	0000000a GPIO_WriteBit
00000100 g     F .text	00000008 .hidden __umodsi3
00000350  w      .text	00000000 I2C1_EV_IRQHandler
00000350  w      .text	00000000 DMA1_Channel6_IRQHandler
00000350  w      .text	00000000 RCC_IRQHandler
00000350  w      .text	00000000 TIM1_TRG_COM_IRQHandler
00000350  w      .text	00000000 DMA1_Channel1_IRQHandler
00000000 g       .init	00000000 _start
20000000 g     O .data	00000010 AHBPrescTable
000000b4 g     F .text	00000014 .hidden __mulsi3
20000000 g       .dalign	00000000 _data_vma
00000466 g     F .text	00000012 RCC_AdjustHSICalibrationValue
0000017e g     F .text	00000038 main
00000350  w      .text	00000000 DMA1_Channel5_IRQHandler
000000cc g     F .text	00000058 .hidden __divsi3
000004ce g     F .text	0000003a Delay_Ms
000001b6 g     F .text	00000132 SystemInit
00000000 g       .init	00000000 _sinit
00000350  w      .text	00000000 DMA1_Channel3_IRQHandler
00000350  w      .text	00000000 TIM1_UP_IRQHandler
00000350  w      .text	00000000 WWDG_IRQHandler
00000350  w      .text	00000000 TIM2_IRQHandler
20000800 g       .stack	00000000 _eusrstack
000000a0 g     F .text	0000000a .hidden __riscv_save_2
00000350  w      .text	00000000 SW_Handler
00000350  w      .text	00000000 TIM1_BRK_IRQHandler
20000018 g       .data	00000000 _edata
20000020 g       .bss	00000000 _end
00000508 g       .dlalign	00000000 _data_lma
000002e8 g     F .text	00000068 SystemCoreClockUpdate
00000124 g     F .text	00000024 .hidden __modsi3
00000350  w      .text	00000000 DMA1_Channel2_IRQHandler
00000352  w      .text	00000000 handle_reset
00000350  w      .text	00000000 FLASH_IRQHandler
000000a0 g     F .text	0000000a .hidden __riscv_save_0
00000350  w      .text	00000000 USART1_IRQHandler
00000350  w      .text	00000000 I2C1_ER_IRQHandler
0000045c g     F .text	0000000a NVIC_PriorityGroupConfig
000000aa g     F .text	0000000a .hidden __riscv_restore_1
0000014e g     F .text	00000030 LED_init



Disassembly of section .init:

00000000 <_sinit>:
   0:	3520006f          	j	352 <handle_reset>
   4:	0000                	unimp
   6:	0000                	unimp
   8:	014a                	slli	sp,sp,0x12
   a:	0000                	unimp
   c:	014c                	addi	a1,sp,132
	...
  2e:	0000                	unimp
  30:	0350                	addi	a2,sp,388
  32:	0000                	unimp
  34:	0000                	unimp
  36:	0000                	unimp
  38:	0350                	addi	a2,sp,388
  3a:	0000                	unimp
  3c:	0000                	unimp
  3e:	0000                	unimp
  40:	0350                	addi	a2,sp,388
  42:	0000                	unimp
  44:	0350                	addi	a2,sp,388
  46:	0000                	unimp
  48:	0350                	addi	a2,sp,388
  4a:	0000                	unimp
  4c:	0350                	addi	a2,sp,388
  4e:	0000                	unimp
  50:	0350                	addi	a2,sp,388
  52:	0000                	unimp
  54:	0350                	addi	a2,sp,388
  56:	0000                	unimp
  58:	0350                	addi	a2,sp,388
  5a:	0000                	unimp
  5c:	0350                	addi	a2,sp,388
  5e:	0000                	unimp
  60:	0350                	addi	a2,sp,388
  62:	0000                	unimp
  64:	0350                	addi	a2,sp,388
  66:	0000                	unimp
  68:	0350                	addi	a2,sp,388
  6a:	0000                	unimp
  6c:	0350                	addi	a2,sp,388
  6e:	0000                	unimp
  70:	0350                	addi	a2,sp,388
  72:	0000                	unimp
  74:	0350                	addi	a2,sp,388
  76:	0000                	unimp
  78:	0350                	addi	a2,sp,388
  7a:	0000                	unimp
  7c:	0350                	addi	a2,sp,388
  7e:	0000                	unimp
  80:	0350                	addi	a2,sp,388
  82:	0000                	unimp
  84:	0350                	addi	a2,sp,388
  86:	0000                	unimp
  88:	0350                	addi	a2,sp,388
  8a:	0000                	unimp
  8c:	0350                	addi	a2,sp,388
  8e:	0000                	unimp
  90:	0350                	addi	a2,sp,388
  92:	0000                	unimp
  94:	0350                	addi	a2,sp,388
  96:	0000                	unimp
  98:	0350                	addi	a2,sp,388
  9a:	0000                	unimp
  9c:	0000                	unimp
	...

Disassembly of section .text:

000000a0 <__riscv_save_0>:
  a0:	1151                	addi	sp,sp,-12
  a2:	c026                	sw	s1,0(sp)
  a4:	c222                	sw	s0,4(sp)
  a6:	c406                	sw	ra,8(sp)
  a8:	8282                	jr	t0

000000aa <__riscv_restore_0>:
  aa:	4482                	lw	s1,0(sp)
  ac:	4412                	lw	s0,4(sp)
  ae:	40a2                	lw	ra,8(sp)
  b0:	0131                	addi	sp,sp,12
  b2:	8082                	ret

000000b4 <__mulsi3>:
  b4:	862a                	mv	a2,a0
  b6:	4501                	li	a0,0
  b8:	0015f693          	andi	a3,a1,1
  bc:	c291                	beqz	a3,c0 <__mulsi3+0xc>
  be:	9532                	add	a0,a0,a2
  c0:	8185                	srli	a1,a1,0x1
  c2:	0606                	slli	a2,a2,0x1
  c4:	f9f5                	bnez	a1,b8 <__mulsi3+0x4>
  c6:	8082                	ret
  c8:	0000                	unimp
	...

000000cc <__divsi3>:
  cc:	02054e63          	bltz	a0,108 <__umodsi3+0x8>
  d0:	0405c363          	bltz	a1,116 <__umodsi3+0x16>

000000d4 <__udivsi3>:
  d4:	862e                	mv	a2,a1
  d6:	85aa                	mv	a1,a0
  d8:	557d                	li	a0,-1
  da:	c215                	beqz	a2,fe <__udivsi3+0x2a>
  dc:	4685                	li	a3,1
  de:	00b67863          	bgeu	a2,a1,ee <__udivsi3+0x1a>
  e2:	00c05663          	blez	a2,ee <__udivsi3+0x1a>
  e6:	0606                	slli	a2,a2,0x1
  e8:	0686                	slli	a3,a3,0x1
  ea:	feb66ce3          	bltu	a2,a1,e2 <__udivsi3+0xe>
  ee:	4501                	li	a0,0
  f0:	00c5e463          	bltu	a1,a2,f8 <__udivsi3+0x24>
  f4:	8d91                	sub	a1,a1,a2
  f6:	8d55                	or	a0,a0,a3
  f8:	8285                	srli	a3,a3,0x1
  fa:	8205                	srli	a2,a2,0x1
  fc:	faf5                	bnez	a3,f0 <__udivsi3+0x1c>
  fe:	8082                	ret

00000100 <__umodsi3>:
 100:	8286                	mv	t0,ra
 102:	3fc9                	jal	d4 <__udivsi3>
 104:	852e                	mv	a0,a1
 106:	8282                	jr	t0
 108:	40a00533          	neg	a0,a0
 10c:	0005d763          	bgez	a1,11a <__umodsi3+0x1a>
 110:	40b005b3          	neg	a1,a1
 114:	b7c1                	j	d4 <__udivsi3>
 116:	40b005b3          	neg	a1,a1
 11a:	8286                	mv	t0,ra
 11c:	3f65                	jal	d4 <__udivsi3>
 11e:	40a00533          	neg	a0,a0
 122:	8282                	jr	t0

00000124 <__modsi3>:
 124:	8286                	mv	t0,ra
 126:	0005c763          	bltz	a1,134 <__modsi3+0x10>
 12a:	00054963          	bltz	a0,13c <__modsi3+0x18>
 12e:	375d                	jal	d4 <__udivsi3>
 130:	852e                	mv	a0,a1
 132:	8282                	jr	t0
 134:	40b005b3          	neg	a1,a1
 138:	fe055be3          	bgez	a0,12e <__modsi3+0xa>
 13c:	40a00533          	neg	a0,a0
 140:	3f51                	jal	d4 <__udivsi3>
 142:	40b00533          	neg	a0,a1
 146:	8282                	jr	t0
	...

0000014a <NMI_Handler>:
 14a:	a001                	j	14a <NMI_Handler>

0000014c <HardFault_Handler>:
 14c:	a001                	j	14c <HardFault_Handler>

0000014e <LED_init>:
 14e:	f53ff2ef          	jal	t0,a0 <__riscv_save_0>
 152:	1151                	addi	sp,sp,-12
 154:	4585                	li	a1,1
 156:	02000513          	li	a0,32
 15a:	2e39                	jal	478 <RCC_APB2PeriphClockCmd>
 15c:	04000793          	li	a5,64
 160:	807c                	sh	a5,0(sp)
 162:	40011537          	lui	a0,0x40011
 166:	47c1                	li	a5,16
 168:	c43e                	sw	a5,8(sp)
 16a:	858a                	mv	a1,sp
 16c:	478d                	li	a5,3
 16e:	40050513          	addi	a0,a0,1024 # 40011400 <__global_pointer$+0x20010be8>
 172:	c23e                	sw	a5,4(sp)
 174:	00011123          	sh	zero,2(sp)
 178:	2cb9                	jal	3d6 <GPIO_Init>
 17a:	0131                	addi	sp,sp,12
 17c:	b73d                	j	aa <__riscv_restore_0>

0000017e <main>:
 17e:	f23ff2ef          	jal	t0,a0 <__riscv_save_0>
 182:	4505                	li	a0,1
 184:	2ce1                	jal	45c <NVIC_PriorityGroupConfig>
 186:	228d                	jal	2e8 <SystemCoreClockUpdate>
 188:	2639                	jal	496 <Delay_Init>
 18a:	37d1                	jal	14e <LED_init>
 18c:	40011437          	lui	s0,0x40011
 190:	4605                	li	a2,1
 192:	04000593          	li	a1,64
 196:	40040513          	addi	a0,s0,1024 # 40011400 <__global_pointer$+0x20010be8>
 19a:	2c65                	jal	452 <GPIO_WriteBit>
 19c:	1f400513          	li	a0,500
 1a0:	263d                	jal	4ce <Delay_Ms>
 1a2:	40040513          	addi	a0,s0,1024
 1a6:	4601                	li	a2,0
 1a8:	04000593          	li	a1,64
 1ac:	245d                	jal	452 <GPIO_WriteBit>
 1ae:	1f400513          	li	a0,500
 1b2:	2e31                	jal	4ce <Delay_Ms>
 1b4:	bfe1                	j	18c <main+0xe>

000001b6 <SystemInit>:
 1b6:	eebff2ef          	jal	t0,a0 <__riscv_save_0>
 1ba:	40021437          	lui	s0,0x40021
 1be:	401c                	lw	a5,0(s0)
 1c0:	f8ff0737          	lui	a4,0xf8ff0
 1c4:	1161                	addi	sp,sp,-8
 1c6:	0017e793          	ori	a5,a5,1
 1ca:	c01c                	sw	a5,0(s0)
 1cc:	405c                	lw	a5,4(s0)
 1ce:	4541                	li	a0,16
 1d0:	8ff9                	and	a5,a5,a4
 1d2:	c05c                	sw	a5,4(s0)
 1d4:	401c                	lw	a5,0(s0)
 1d6:	fef70737          	lui	a4,0xfef70
 1da:	177d                	addi	a4,a4,-1
 1dc:	8ff9                	and	a5,a5,a4
 1de:	c01c                	sw	a5,0(s0)
 1e0:	401c                	lw	a5,0(s0)
 1e2:	fffc0737          	lui	a4,0xfffc0
 1e6:	177d                	addi	a4,a4,-1
 1e8:	8ff9                	and	a5,a5,a4
 1ea:	c01c                	sw	a5,0(s0)
 1ec:	405c                	lw	a5,4(s0)
 1ee:	7741                	lui	a4,0xffff0
 1f0:	177d                	addi	a4,a4,-1
 1f2:	8ff9                	and	a5,a5,a4
 1f4:	c05c                	sw	a5,4(s0)
 1f6:	009f07b7          	lui	a5,0x9f0
 1fa:	c41c                	sw	a5,8(s0)
 1fc:	24ad                	jal	466 <RCC_AdjustHSICalibrationValue>
 1fe:	4c1c                	lw	a5,24(s0)
 200:	00020637          	lui	a2,0x20
 204:	0207e793          	ori	a5,a5,32
 208:	cc1c                	sw	a5,24(s0)
 20a:	400117b7          	lui	a5,0x40011
 20e:	4007a703          	lw	a4,1024(a5) # 40011400 <__global_pointer$+0x20010be8>
 212:	40078693          	addi	a3,a5,1024
 216:	f0f77713          	andi	a4,a4,-241
 21a:	40e7a023          	sw	a4,1024(a5)
 21e:	4007a703          	lw	a4,1024(a5)
 222:	08076713          	ori	a4,a4,128
 226:	40e7a023          	sw	a4,1024(a5)
 22a:	4789                	li	a5,2
 22c:	ca9c                	sw	a5,16(a3)
 22e:	c002                	sw	zero,0(sp)
 230:	c202                	sw	zero,4(sp)
 232:	4c1c                	lw	a5,24(s0)
 234:	40010737          	lui	a4,0x40010
 238:	66a1                	lui	a3,0x8
 23a:	0017e793          	ori	a5,a5,1
 23e:	cc1c                	sw	a5,24(s0)
 240:	435c                	lw	a5,4(a4)
 242:	8fd5                	or	a5,a5,a3
 244:	c35c                	sw	a5,4(a4)
 246:	401c                	lw	a5,0(s0)
 248:	6741                	lui	a4,0x10
 24a:	400216b7          	lui	a3,0x40021
 24e:	8fd9                	or	a5,a5,a4
 250:	c01c                	sw	a5,0(s0)
 252:	6709                	lui	a4,0x2
 254:	429c                	lw	a5,0(a3)
 256:	8ff1                	and	a5,a5,a2
 258:	c23e                	sw	a5,4(sp)
 25a:	4782                	lw	a5,0(sp)
 25c:	0785                	addi	a5,a5,1
 25e:	c03e                	sw	a5,0(sp)
 260:	4792                	lw	a5,4(sp)
 262:	e781                	bnez	a5,26a <SystemInit+0xb4>
 264:	4782                	lw	a5,0(sp)
 266:	fee797e3          	bne	a5,a4,254 <SystemInit+0x9e>
 26a:	400217b7          	lui	a5,0x40021
 26e:	439c                	lw	a5,0(a5)
 270:	00e79713          	slli	a4,a5,0xe
 274:	06075863          	bgez	a4,2e4 <SystemInit+0x12e>
 278:	4785                	li	a5,1
 27a:	c23e                	sw	a5,4(sp)
 27c:	4712                	lw	a4,4(sp)
 27e:	4785                	li	a5,1
 280:	06f71063          	bne	a4,a5,2e0 <SystemInit+0x12a>
 284:	400227b7          	lui	a5,0x40022
 288:	4398                	lw	a4,0(a5)
 28a:	76c1                	lui	a3,0xffff0
 28c:	16fd                	addi	a3,a3,-1
 28e:	9b71                	andi	a4,a4,-4
 290:	c398                	sw	a4,0(a5)
 292:	4398                	lw	a4,0(a5)
 294:	00176713          	ori	a4,a4,1
 298:	c398                	sw	a4,0(a5)
 29a:	400217b7          	lui	a5,0x40021
 29e:	43d8                	lw	a4,4(a5)
 2a0:	c3d8                	sw	a4,4(a5)
 2a2:	43d8                	lw	a4,4(a5)
 2a4:	8f75                	and	a4,a4,a3
 2a6:	c3d8                	sw	a4,4(a5)
 2a8:	43d8                	lw	a4,4(a5)
 2aa:	66c1                	lui	a3,0x10
 2ac:	8f55                	or	a4,a4,a3
 2ae:	c3d8                	sw	a4,4(a5)
 2b0:	4398                	lw	a4,0(a5)
 2b2:	010006b7          	lui	a3,0x1000
 2b6:	8f55                	or	a4,a4,a3
 2b8:	c398                	sw	a4,0(a5)
 2ba:	4398                	lw	a4,0(a5)
 2bc:	00671693          	slli	a3,a4,0x6
 2c0:	fe06dde3          	bgez	a3,2ba <SystemInit+0x104>
 2c4:	43d8                	lw	a4,4(a5)
 2c6:	400216b7          	lui	a3,0x40021
 2ca:	9b71                	andi	a4,a4,-4
 2cc:	c3d8                	sw	a4,4(a5)
 2ce:	43d8                	lw	a4,4(a5)
 2d0:	00276713          	ori	a4,a4,2
 2d4:	c3d8                	sw	a4,4(a5)
 2d6:	4721                	li	a4,8
 2d8:	42dc                	lw	a5,4(a3)
 2da:	8bb1                	andi	a5,a5,12
 2dc:	fee79ee3          	bne	a5,a4,2d8 <SystemInit+0x122>
 2e0:	0121                	addi	sp,sp,8
 2e2:	b3e1                	j	aa <__riscv_restore_0>
 2e4:	c202                	sw	zero,4(sp)
 2e6:	bf59                	j	27c <SystemInit+0xc6>

000002e8 <SystemCoreClockUpdate>:
 2e8:	db9ff2ef          	jal	t0,a0 <__riscv_save_0>
 2ec:	40021737          	lui	a4,0x40021
 2f0:	435c                	lw	a5,4(a4)
 2f2:	20000437          	lui	s0,0x20000
 2f6:	4691                	li	a3,4
 2f8:	8bb1                	andi	a5,a5,12
 2fa:	01040413          	addi	s0,s0,16 # 20000010 <SystemCoreClock>
 2fe:	00d78563          	beq	a5,a3,308 <SystemCoreClockUpdate+0x20>
 302:	46a1                	li	a3,8
 304:	04d78063          	beq	a5,a3,344 <SystemCoreClockUpdate+0x5c>
 308:	016e37b7          	lui	a5,0x16e3
 30c:	60078793          	addi	a5,a5,1536 # 16e3600 <_data_lma+0x16e30f8>
 310:	c01c                	sw	a5,0(s0)
 312:	400216b7          	lui	a3,0x40021
 316:	42dc                	lw	a5,4(a3)
 318:	4008                	lw	a0,0(s0)
 31a:	8391                	srli	a5,a5,0x4
 31c:	00f7f713          	andi	a4,a5,15
 320:	200007b7          	lui	a5,0x20000
 324:	00078793          	mv	a5,a5
 328:	97ba                	add	a5,a5,a4
 32a:	238c                	lbu	a1,0(a5)
 32c:	42dc                	lw	a5,4(a3)
 32e:	0ff5f593          	andi	a1,a1,255
 332:	0807f793          	andi	a5,a5,128
 336:	00b55733          	srl	a4,a0,a1
 33a:	e399                	bnez	a5,340 <SystemCoreClockUpdate+0x58>
 33c:	3b61                	jal	d4 <__udivsi3>
 33e:	872a                	mv	a4,a0
 340:	c018                	sw	a4,0(s0)
 342:	b3a5                	j	aa <__riscv_restore_0>
 344:	435c                	lw	a5,4(a4)
 346:	02dc77b7          	lui	a5,0x2dc7
 34a:	c0078793          	addi	a5,a5,-1024 # 2dc6c00 <_data_lma+0x2dc66f8>
 34e:	b7c9                	j	310 <SystemCoreClockUpdate+0x28>

00000350 <ADC1_IRQHandler>:
 350:	a001                	j	350 <ADC1_IRQHandler>

00000352 <handle_reset>:
 352:	20000197          	auipc	gp,0x20000
 356:	4c618193          	addi	gp,gp,1222 # 20000818 <__global_pointer$>
 35a:	fe818113          	addi	sp,gp,-24 # 20000800 <_eusrstack>
 35e:	50800513          	li	a0,1288
 362:	20000597          	auipc	a1,0x20000
 366:	c9e58593          	addi	a1,a1,-866 # 20000000 <_data_vma>
 36a:	20000617          	auipc	a2,0x20000
 36e:	cae60613          	addi	a2,a2,-850 # 20000018 <_edata>
 372:	00c5fa63          	bgeu	a1,a2,386 <handle_reset+0x34>
 376:	00052283          	lw	t0,0(a0)
 37a:	0055a023          	sw	t0,0(a1)
 37e:	0511                	addi	a0,a0,4
 380:	0591                	addi	a1,a1,4
 382:	fec5eae3          	bltu	a1,a2,376 <handle_reset+0x24>
 386:	20000517          	auipc	a0,0x20000
 38a:	c9250513          	addi	a0,a0,-878 # 20000018 <_edata>
 38e:	80818593          	addi	a1,gp,-2040 # 20000020 <_ebss>
 392:	00b57763          	bgeu	a0,a1,3a0 <handle_reset+0x4e>
 396:	00052023          	sw	zero,0(a0)
 39a:	0511                	addi	a0,a0,4
 39c:	feb56de3          	bltu	a0,a1,396 <handle_reset+0x44>
 3a0:	000022b7          	lui	t0,0x2
 3a4:	88028293          	addi	t0,t0,-1920 # 1880 <_data_lma+0x1378>
 3a8:	30029073          	csrw	mstatus,t0
 3ac:	428d                	li	t0,3
 3ae:	80429073          	csrw	0x804,t0
 3b2:	00000297          	auipc	t0,0x0
 3b6:	c4e28293          	addi	t0,t0,-946 # 0 <_sinit>
 3ba:	0032e293          	ori	t0,t0,3
 3be:	30529073          	csrw	mtvec,t0
 3c2:	df5ff0ef          	jal	ra,1b6 <SystemInit>
 3c6:	00000297          	auipc	t0,0x0
 3ca:	db828293          	addi	t0,t0,-584 # 17e <main>
 3ce:	34129073          	csrw	mepc,t0
 3d2:	30200073          	mret

000003d6 <GPIO_Init>:
 3d6:	4594                	lw	a3,8(a1)
 3d8:	0106f793          	andi	a5,a3,16
 3dc:	00f6f293          	andi	t0,a3,15
 3e0:	c781                	beqz	a5,3e8 <GPIO_Init+0x12>
 3e2:	41dc                	lw	a5,4(a1)
 3e4:	00f2e2b3          	or	t0,t0,a5
 3e8:	0005d383          	lhu	t2,0(a1)
 3ec:	0ff3f793          	andi	a5,t2,255
 3f0:	c3a5                	beqz	a5,450 <GPIO_Init+0x7a>
 3f2:	00052303          	lw	t1,0(a0)
 3f6:	1161                	addi	sp,sp,-8
 3f8:	c222                	sw	s0,4(sp)
 3fa:	c026                	sw	s1,0(sp)
 3fc:	4781                	li	a5,0
 3fe:	02800413          	li	s0,40
 402:	04800493          	li	s1,72
 406:	4705                	li	a4,1
 408:	00f71633          	sll	a2,a4,a5
 40c:	00c3f733          	and	a4,t2,a2
 410:	02e61263          	bne	a2,a4,434 <GPIO_Init+0x5e>
 414:	00279593          	slli	a1,a5,0x2
 418:	473d                	li	a4,15
 41a:	00b71733          	sll	a4,a4,a1
 41e:	fff74713          	not	a4,a4
 422:	00677333          	and	t1,a4,t1
 426:	00b295b3          	sll	a1,t0,a1
 42a:	0065e333          	or	t1,a1,t1
 42e:	00869d63          	bne	a3,s0,448 <GPIO_Init+0x72>
 432:	c950                	sw	a2,20(a0)
 434:	0785                	addi	a5,a5,1
 436:	4721                	li	a4,8
 438:	fce797e3          	bne	a5,a4,406 <GPIO_Init+0x30>
 43c:	4412                	lw	s0,4(sp)
 43e:	00652023          	sw	t1,0(a0)
 442:	4482                	lw	s1,0(sp)
 444:	0121                	addi	sp,sp,8
 446:	8082                	ret
 448:	fe9696e3          	bne	a3,s1,434 <GPIO_Init+0x5e>
 44c:	c910                	sw	a2,16(a0)
 44e:	b7dd                	j	434 <GPIO_Init+0x5e>
 450:	8082                	ret

00000452 <GPIO_WriteBit>:
 452:	c219                	beqz	a2,458 <GPIO_WriteBit+0x6>
 454:	c90c                	sw	a1,16(a0)
 456:	8082                	ret
 458:	c94c                	sw	a1,20(a0)
 45a:	8082                	ret

0000045c <NVIC_PriorityGroupConfig>:
 45c:	200007b7          	lui	a5,0x20000
 460:	00a7ac23          	sw	a0,24(a5) # 20000018 <_edata>
 464:	8082                	ret

00000466 <RCC_AdjustHSICalibrationValue>:
 466:	40021737          	lui	a4,0x40021
 46a:	431c                	lw	a5,0(a4)
 46c:	050e                	slli	a0,a0,0x3
 46e:	f077f793          	andi	a5,a5,-249
 472:	8d5d                	or	a0,a0,a5
 474:	c308                	sw	a0,0(a4)
 476:	8082                	ret

00000478 <RCC_APB2PeriphClockCmd>:
 478:	c599                	beqz	a1,486 <RCC_APB2PeriphClockCmd+0xe>
 47a:	40021737          	lui	a4,0x40021
 47e:	4f1c                	lw	a5,24(a4)
 480:	8d5d                	or	a0,a0,a5
 482:	cf08                	sw	a0,24(a4)
 484:	8082                	ret
 486:	400217b7          	lui	a5,0x40021
 48a:	4f98                	lw	a4,24(a5)
 48c:	fff54513          	not	a0,a0
 490:	8d79                	and	a0,a0,a4
 492:	cf88                	sw	a0,24(a5)
 494:	8082                	ret

00000496 <Delay_Init>:
 496:	c0bff2ef          	jal	t0,a0 <__riscv_save_0>
 49a:	200007b7          	lui	a5,0x20000
 49e:	0107a503          	lw	a0,16(a5) # 20000010 <SystemCoreClock>
 4a2:	007a15b7          	lui	a1,0x7a1
 4a6:	20058593          	addi	a1,a1,512 # 7a1200 <_data_lma+0x7a0cf8>
 4aa:	312d                	jal	d4 <__udivsi3>
 4ac:	0ff57513          	andi	a0,a0,255
 4b0:	200007b7          	lui	a5,0x20000
 4b4:	00a78f23          	sb	a0,30(a5) # 2000001e <p_us>
 4b8:	00551793          	slli	a5,a0,0x5
 4bc:	8f89                	sub	a5,a5,a0
 4be:	078a                	slli	a5,a5,0x2
 4c0:	953e                	add	a0,a0,a5
 4c2:	050e                	slli	a0,a0,0x3
 4c4:	200007b7          	lui	a5,0x20000
 4c8:	00a79e23          	sh	a0,28(a5) # 2000001c <p_ms>
 4cc:	bef9                	j	aa <__riscv_restore_0>

000004ce <Delay_Ms>:
 4ce:	bd3ff2ef          	jal	t0,a0 <__riscv_save_0>
 4d2:	e000f437          	lui	s0,0xe000f
 4d6:	405c                	lw	a5,4(s0)
 4d8:	85aa                	mv	a1,a0
 4da:	9bf9                	andi	a5,a5,-2
 4dc:	c05c                	sw	a5,4(s0)
 4de:	200007b7          	lui	a5,0x20000
 4e2:	01c7d503          	lhu	a0,28(a5) # 2000001c <p_ms>
 4e6:	36f9                	jal	b4 <__mulsi3>
 4e8:	c808                	sw	a0,16(s0)
 4ea:	00042423          	sw	zero,8(s0) # e000f008 <__global_pointer$+0xc000e7f0>
 4ee:	401c                	lw	a5,0(s0)
 4f0:	0017e793          	ori	a5,a5,1
 4f4:	c01c                	sw	a5,0(s0)
 4f6:	e000f7b7          	lui	a5,0xe000f
 4fa:	43d8                	lw	a4,4(a5)
 4fc:	8b05                	andi	a4,a4,1
 4fe:	df75                	beqz	a4,4fa <Delay_Ms+0x2c>
 500:	4398                	lw	a4,0(a5)
 502:	9b79                	andi	a4,a4,-2
 504:	c398                	sw	a4,0(a5)
 506:	b655                	j	aa <__riscv_restore_0>
